<?xml version="1.0" encoding="UTF-8"?>
<!-- Generated by org.testng.reporters.JUnitXMLReporter -->
<testsuite hostname="MS-DT-056" name="SanityTest_HomePage" tests="1" failures="1" timestamp="8 Jun 2016 02:42:41 GMT" time="755.067" errors="0">
  <testcase name="HomePage_verification" time="750.216" classname="SanityTest.Homepage_Test">
    <failure type="java.lang.AssertionError" message="expected [Anchor Telephone Cable 0.4 mm-1 pair, 90 Mtr pack was added to your shopping list.] but found [Crabtree Athena RJ-11 One Gang with shutter was added to your shopping list.]">
      <![CDATA[java.lang.AssertionError: expected [Anchor Telephone Cable 0.4 mm-1 pair, 90 Mtr pack was added to your shopping list.] but found [Crabtree Athena RJ-11 One Gang with shutter was added to your shopping list.]
	at SanityTest.Homepage_Test.HomePage_verification(Homepage_Test.java:56)
... Removed 33 stack frames]]>
    </failure>
  </testcase> <!-- HomePage_verification -->
</testsuite> <!-- SanityTest_HomePage -->
