<?xml version="1.0" encoding="UTF-8"?>
<testng-results skipped="0" failed="1" total="1" passed="0">
  <reporter-output>
    <line>
      <![CDATA[Image is Displayed]]>
    </line>
    <line>
      <![CDATA[Clicked on Close Icon POPUP]]>
    </line>
    <line>
      <![CDATA[Home Page Header]]>
    </line>
    <line>
      <![CDATA[Home Page Header Visible]]>
    </line>
    <line>
      <![CDATA[mSupplyLogo Present]]>
    </line>
    <line>
      <![CDATA[msupply Logo Image Text is :]]>
    </line>
    <line>
      <![CDATA[Logo Contains Text : mSupply.com]]>
    </line>
    <line>
      <![CDATA[Clicked on Shopping Kart Page]]>
    </line>
    <line>
      <![CDATA[Clicked on mSupply Logo]]>
    </line>
    <line>
      <![CDATA[All Eight category Section Present on WebPage]]>
    </line>
    <line>
      <![CDATA[SearchBox Present]]>
    </line>
    <line>
      <![CDATA[Ghost Text Present in SearchBox]]>
    </line>
    <line>
      <![CDATA[Enetered Value Electrical in SearchBox]]>
    </line>
    <line>
      <![CDATA[Clicked on Search Box Button]]>
    </line>
  </reporter-output>
  <suite name="Default suite" duration-ms="182951" started-at="2016-07-14T05:48:06Z" finished-at="2016-07-14T05:51:09Z">
    <groups>
    </groups>
    <test name="Default test" duration-ms="182951" started-at="2016-07-14T05:48:06Z" finished-at="2016-07-14T05:51:09Z">
      <class name="Functional_TestCase_HomePage.msupply_HomePage_Main_HeaderVerification_Test">
        <test-method status="PASS" signature="beforeTestCofig()[pri:0, instance:Functional_TestCase_HomePage.msupply_HomePage_Main_HeaderVerification_Test@2f686d1f]" name="beforeTestCofig" is-config="true" duration-ms="5857" started-at="2016-07-14T11:18:06Z" finished-at="2016-07-14T11:18:12Z">
          <reporter-output>
          </reporter-output>
        </test-method> <!-- beforeTestCofig -->
        <test-method status="FAIL" signature="msupply_HomePage_Main_HeaderVerification()[pri:0, instance:Functional_TestCase_HomePage.msupply_HomePage_Main_HeaderVerification_Test@2f686d1f]" name="msupply_HomePage_Main_HeaderVerification" duration-ms="177079" started-at="2016-07-14T11:18:12Z" finished-at="2016-07-14T11:21:09Z">
          <exception class="org.openqa.selenium.NoSuchElementException">
            <message>
              <![CDATA[Unable to locate element: {"method":"xpath","selector":"(//div[@id='produts_nav'])[1]/following::div[1]"}
Command duration or timeout: 30.13 seconds
For documentation on this error, please visit: http://seleniumhq.org/exceptions/no_such_element.html
Build info: version: '2.53.0', revision: '35ae25b1534ae328c771e0856c93e187490ca824', time: '2016-03-15 10:43:46'
System info: host: 'MS-DT-056', ip: '10.1.2.253', os.name: 'Windows 10', os.arch: 'amd64', os.version: '10.0', java.version: '1.8.0_73'
Driver info: org.openqa.selenium.firefox.FirefoxDriver
Capabilities [{applicationCacheEnabled=true, rotatable=false, handlesAlerts=true, databaseEnabled=true, version=46.0.1, platform=WINDOWS, nativeEvents=false, acceptSslCerts=true, webStorageEnabled=true, locationContextEnabled=true, browserName=firefox, takesScreenshot=true, javascriptEnabled=true, cssSelectorsEnabled=true}]
Session ID: 7a15d61b-1c69-4a91-9f5d-9a46bb0043f7
*** Element info: {Using=xpath, value=(//div[@id='produts_nav'])[1]/following::div[1]}]]>
            </message>
            <full-stacktrace>
              <![CDATA[org.openqa.selenium.NoSuchElementException: Unable to locate element: {"method":"xpath","selector":"(//div[@id='produts_nav'])[1]/following::div[1]"}
Command duration or timeout: 30.13 seconds
For documentation on this error, please visit: http://seleniumhq.org/exceptions/no_such_element.html
Build info: version: '2.53.0', revision: '35ae25b1534ae328c771e0856c93e187490ca824', time: '2016-03-15 10:43:46'
System info: host: 'MS-DT-056', ip: '10.1.2.253', os.name: 'Windows 10', os.arch: 'amd64', os.version: '10.0', java.version: '1.8.0_73'
Driver info: org.openqa.selenium.firefox.FirefoxDriver
Capabilities [{applicationCacheEnabled=true, rotatable=false, handlesAlerts=true, databaseEnabled=true, version=46.0.1, platform=WINDOWS, nativeEvents=false, acceptSslCerts=true, webStorageEnabled=true, locationContextEnabled=true, browserName=firefox, takesScreenshot=true, javascriptEnabled=true, cssSelectorsEnabled=true}]
Session ID: 7a15d61b-1c69-4a91-9f5d-9a46bb0043f7
*** Element info: {Using=xpath, value=(//div[@id='produts_nav'])[1]/following::div[1]}
	at sun.reflect.NativeConstructorAccessorImpl.newInstance0(Native Method)
	at sun.reflect.NativeConstructorAccessorImpl.newInstance(Unknown Source)
	at sun.reflect.DelegatingConstructorAccessorImpl.newInstance(Unknown Source)
	at java.lang.reflect.Constructor.newInstance(Unknown Source)
	at org.openqa.selenium.remote.ErrorHandler.createThrowable(ErrorHandler.java:206)
	at org.openqa.selenium.remote.ErrorHandler.throwIfResponseFailed(ErrorHandler.java:158)
	at org.openqa.selenium.remote.RemoteWebDriver.execute(RemoteWebDriver.java:678)
	at org.openqa.selenium.remote.RemoteWebDriver.findElement(RemoteWebDriver.java:363)
	at org.openqa.selenium.remote.RemoteWebDriver.findElementByXPath(RemoteWebDriver.java:500)
	at org.openqa.selenium.By$ByXPath.findElement(By.java:361)
	at org.openqa.selenium.remote.RemoteWebDriver.findElement(RemoteWebDriver.java:355)
	at GenericLibrary.LoadLocators.loadElementByXpath(LoadLocators.java:57)
	at GenericLibrary.CommonFunctions.ConstructElementFromExcel(CommonFunctions.java:242)
	at GenericLibrary.WebDriverCommonFunctions.element_isVisible(WebDriverCommonFunctions.java:75)
	at Functional_TestCase_HomePage.msupply_HomePage_Main_HeaderVerification_Test.msupply_HomePage_Main_HeaderVerification(msupply_HomePage_Main_HeaderVerification_Test.java:71)
	at sun.reflect.NativeMethodAccessorImpl.invoke0(Native Method)
	at sun.reflect.NativeMethodAccessorImpl.invoke(Unknown Source)
	at sun.reflect.DelegatingMethodAccessorImpl.invoke(Unknown Source)
	at java.lang.reflect.Method.invoke(Unknown Source)
	at org.testng.internal.MethodInvocationHelper.invokeMethod(MethodInvocationHelper.java:100)
	at org.testng.internal.Invoker.invokeMethod(Invoker.java:646)
	at org.testng.internal.Invoker.invokeTestMethod(Invoker.java:811)
	at org.testng.internal.Invoker.invokeTestMethods(Invoker.java:1129)
	at org.testng.internal.TestMethodWorker.invokeTestMethods(TestMethodWorker.java:129)
	at org.testng.internal.TestMethodWorker.run(TestMethodWorker.java:112)
	at org.testng.TestRunner.privateRun(TestRunner.java:746)
	at org.testng.TestRunner.run(TestRunner.java:600)
	at org.testng.SuiteRunner.runTest(SuiteRunner.java:366)
	at org.testng.SuiteRunner.runSequentially(SuiteRunner.java:361)
	at org.testng.SuiteRunner.privateRun(SuiteRunner.java:319)
	at org.testng.SuiteRunner.run(SuiteRunner.java:268)
	at org.testng.SuiteRunnerWorker.runSuite(SuiteRunnerWorker.java:52)
	at org.testng.SuiteRunnerWorker.run(SuiteRunnerWorker.java:86)
	at org.testng.TestNG.runSuitesSequentially(TestNG.java:1264)
	at org.testng.TestNG.runSuitesLocally(TestNG.java:1189)
	at org.testng.TestNG.runSuites(TestNG.java:1104)
	at org.testng.TestNG.run(TestNG.java:1076)
	at org.testng.remote.AbstractRemoteTestNG.run(AbstractRemoteTestNG.java:126)
	at org.testng.remote.RemoteTestNG.initAndRun(RemoteTestNG.java:152)
	at org.testng.remote.RemoteTestNG.main(RemoteTestNG.java:57)
Caused by: org.openqa.selenium.NoSuchElementException: Unable to locate element: {"method":"xpath","selector":"(//div[@id='produts_nav'])[1]/following::div[1]"}
For documentation on this error, please visit: http://seleniumhq.org/exceptions/no_such_element.html
Build info: version: '2.53.0', revision: '35ae25b1534ae328c771e0856c93e187490ca824', time: '2016-03-15 10:43:46'
System info: host: 'MS-DT-056', ip: '10.1.2.253', os.name: 'Windows 10', os.arch: 'amd64', os.version: '10.0', java.version: '1.8.0_73'
Driver info: driver.version: unknown
	at <anonymous class>.FirefoxDriver.prototype.findElementInternal_(file:///C:/Users/SANDEE~1/AppData/Local/Temp/anonymous5785879351848194807webdriver-profile/extensions/fxdriver@googlecode.com/components/driver-component.js:10770)
	at <anonymous class>.fxdriver.Timer.prototype.setTimeout/<.notify(file:///C:/Users/SANDEE~1/AppData/Local/Temp/anonymous5785879351848194807webdriver-profile/extensions/fxdriver@googlecode.com/components/driver-component.js:625)
]]>
            </full-stacktrace>
          </exception> <!-- org.openqa.selenium.NoSuchElementException -->
          <reporter-output>
            <line>
              <![CDATA[Image is Displayed]]>
            </line>
            <line>
              <![CDATA[Clicked on Close Icon POPUP]]>
            </line>
            <line>
              <![CDATA[Home Page Header]]>
            </line>
            <line>
              <![CDATA[Home Page Header Visible]]>
            </line>
            <line>
              <![CDATA[mSupplyLogo Present]]>
            </line>
            <line>
              <![CDATA[msupply Logo Image Text is :]]>
            </line>
            <line>
              <![CDATA[Logo Contains Text : mSupply.com]]>
            </line>
            <line>
              <![CDATA[Clicked on Shopping Kart Page]]>
            </line>
            <line>
              <![CDATA[Clicked on mSupply Logo]]>
            </line>
            <line>
              <![CDATA[All Eight category Section Present on WebPage]]>
            </line>
            <line>
              <![CDATA[SearchBox Present]]>
            </line>
            <line>
              <![CDATA[Ghost Text Present in SearchBox]]>
            </line>
            <line>
              <![CDATA[Enetered Value Electrical in SearchBox]]>
            </line>
            <line>
              <![CDATA[Clicked on Search Box Button]]>
            </line>
          </reporter-output>
        </test-method> <!-- msupply_HomePage_Main_HeaderVerification -->
        <test-method status="PASS" signature="tearDown()[pri:0, instance:Functional_TestCase_HomePage.msupply_HomePage_Main_HeaderVerification_Test@2f686d1f]" name="tearDown" is-config="true" duration-ms="0" started-at="2016-07-14T11:21:09Z" finished-at="2016-07-14T11:21:09Z">
          <reporter-output>
          </reporter-output>
        </test-method> <!-- tearDown -->
      </class> <!-- Functional_TestCase_HomePage.msupply_HomePage_Main_HeaderVerification_Test -->
    </test> <!-- Default test -->
  </suite> <!-- Default suite -->
</testng-results>
